<?xml version="1.0" encoding="UTF-8"?>
<!-- Generated by org.testng.reporters.JUnitReportReporter -->
<testsuite hostname="LAPTOP-HACEGEOM" failures="0" tests="2" name="runners.TestRunner" time="21.781" errors="0" timestamp="2025-02-11T02:50:58 IST" skipped="0">
  <testcase classname="runners.TestRunner" name="runScenario" time="4.925"/>
  <testcase classname="runners.TestRunner" name="runScenario" time="16.856"/>
</testsuite> <!-- runners.TestRunner -->
